{"kind":"chat_stream_start","session_id":"chat-20260421T202059-5ac0785b","stream_id":"s-mo92jokz-il0r9xtb","tool_count":9,"ts":1776802860}
{"content":"量","finish_reason":null,"input_tokens":null,"kind":"chat_delta","output_tokens":null,"session_id":"chat-20260421T202059-5ac0785b","stream_id":"s-mo92jokz-il0r9xtb","ts":1776802862}
{"content":"化","finish_reason":null,"input_tokens":null,"kind":"chat_delta","output_tokens":null,"session_id":"chat-20260421T202059-5ac0785b","stream_id":"s-mo92jokz-il0r9xtb","ts":1776802862}
{"content":"通常","finish_reason":null,"input_tokens":null,"kind":"chat_delta","output_tokens":null,"session_id":"chat-20260421T202059-5ac0785b","stream_id":"s-mo92jokz-il0r9xtb","ts":1776802862}
{"content":"指","finish_reason":null,"input_tokens":null,"kind":"chat_delta","output_tokens":null,"session_id":"chat-20260421T202059-5ac0785b","stream_id":"s-mo92jokz-il0r9xtb","ts":1776802862}
{"content":"的是","finish_reason":null,"input_tokens":null,"kind":"chat_delta","output_tokens":null,"session_id":"chat-20260421T202059-5ac0785b","stream_id":"s-mo92jokz-il0r9xtb","ts":1776802862}
{"content":"通过","finish_reason":null,"input_tokens":null,"kind":"chat_delta","output_tokens":null,"session_id":"chat-20260421T202059-5ac0785b","stream_id":"s-mo92jokz-il0r9xtb","ts":1776802862}
{"content":"数学","finish_reason":null,"input_tokens":null,"kind":"chat_delta","output_tokens":null,"session_id":"chat-20260421T202059-5ac0785b","stream_id":"s-mo92jokz-il0r9xtb","ts":1776802862}
{"content":"和","finish_reason":null,"input_tokens":null,"kind":"chat_delta","output_tokens":null,"session_id":"chat-20260421T202059-5ac0785b","stream_id":"s-mo92jokz-il0r9xtb","ts":1776802862}
{"content":"统计","finish_reason":null,"input_tokens":null,"kind":"chat_delta","output_tokens":null,"session_id":"chat-20260421T202059-5ac0785b","stream_id":"s-mo92jokz-il0r9xtb","ts":1776802862}
{"content":"方法","finish_reason":null,"input_tokens":null,"kind":"chat_delta","output_tokens":null,"session_id":"chat-20260421T202059-5ac0785b","stream_id":"s-mo92jokz-il0r9xtb","ts":1776802862}
{"content":"来","finish_reason":null,"input_tokens":null,"kind":"chat_delta","output_tokens":null,"session_id":"chat-20260421T202059-5ac0785b","stream_id":"s-mo92jokz-il0r9xtb","ts":1776802862}
{"content":"分析","finish_reason":null,"input_tokens":null,"kind":"chat_delta","output_tokens":null,"session_id":"chat-20260421T202059-5ac0785b","stream_id":"s-mo92jokz-il0r9xtb","ts":1776802862}
{"content":"和","finish_reason":null,"input_tokens":null,"kind":"chat_delta","output_tokens":null,"session_id":"chat-20260421T202059-5ac0785b","stream_id":"s-mo92jokz-il0r9xtb","ts":1776802862}
{"content":"解决","finish_reason":null,"input_tokens":null,"kind":"chat_delta","output_tokens":null,"session_id":"chat-20260421T202059-5ac0785b","stream_id":"s-mo92jokz-il0r9xtb","ts":1776802862}
{"content":"实际","finish_reason":null,"input_tokens":null,"kind":"chat_delta","output_tokens":null,"session_id":"chat-20260421T202059-5ac0785b","stream_id":"s-mo92jokz-il0r9xtb","ts":1776802862}
{"content":"问题","finish_reason":null,"input_tokens":null,"kind":"chat_delta","output_tokens":null,"session_id":"chat-20260421T202059-5ac0785b","stream_id":"s-mo92jokz-il0r9xtb","ts":1776802862}
{"content":"。在","finish_reason":null,"input_tokens":null,"kind":"chat_delta","output_tokens":null,"session_id":"chat-20260421T202059-5ac0785b","stream_id":"s-mo92jokz-il0r9xtb","ts":1776802862}
{"content":"金融","finish_reason":null,"input_tokens":null,"kind":"chat_delta","output_tokens":null,"session_id":"chat-20260421T202059-5ac0785b","stream_id":"s-mo92jokz-il0r9xtb","ts":1776802862}
{"content":"领域","finish_reason":null,"input_tokens":null,"kind":"chat_delta","output_tokens":null,"session_id":"chat-20260421T202059-5ac0785b","stream_id":"s-mo92jokz-il0r9xtb","ts":1776802862}
{"content":"，","finish_reason":null,"input_tokens":null,"kind":"chat_delta","output_tokens":null,"session_id":"chat-20260421T202059-5ac0785b","stream_id":"s-mo92jokz-il0r9xtb","ts":1776802862}
{"content":"量","finish_reason":null,"input_tokens":null,"kind":"chat_delta","output_tokens":null,"session_id":"chat-20260421T202059-5ac0785b","stream_id":"s-mo92jokz-il0r9xtb","ts":1776802862}
{"content":"化","finish_reason":null,"input_tokens":null,"kind":"chat_delta","output_tokens":null,"session_id":"chat-20260421T202059-5ac0785b","stream_id":"s-mo92jokz-il0r9xtb","ts":1776802862}
{"content":"投资","finish_reason":null,"input_tokens":null,"kind":"chat_delta","output_tokens":null,"session_id":"chat-20260421T202059-5ac0785b","stream_id":"s-mo92jokz-il0r9xtb","ts":1776802862}
{"content":"是","finish_reason":null,"input_tokens":null,"kind":"chat_delta","output_tokens":null,"session_id":"chat-20260421T202059-5ac0785b","stream_id":"s-mo92jokz-il0r9xtb","ts":1776802862}
{"content":"利用","finish_reason":null,"input_tokens":null,"kind":"chat_delta","output_tokens":null,"session_id":"chat-20260421T202059-5ac0785b","stream_id":"s-mo92jokz-il0r9xtb","ts":1776802862}
{"content":"复杂","finish_reason":null,"input_tokens":null,"kind":"chat_delta","output_tokens":null,"session_id":"chat-20260421T202059-5ac0785b","stream_id":"s-mo92jokz-il0r9xtb","ts":1776802862}
{"content":"的","finish_reason":null,"input_tokens":null,"kind":"chat_delta","output_tokens":null,"session_id":"chat-20260421T202059-5ac0785b","stream_id":"s-mo92jokz-il0r9xtb","ts":1776802862}
{"content":"数学","finish_reason":null,"input_tokens":null,"kind":"chat_delta","output_tokens":null,"session_id":"chat-20260421T202059-5ac0785b","stream_id":"s-mo92jokz-il0r9xtb","ts":1776802862}
{"content":"模型","finish_reason":null,"input_tokens":null,"kind":"chat_delta","output_tokens":null,"session_id":"chat-20260421T202059-5ac0785b","stream_id":"s-mo92jokz-il0r9xtb","ts":1776802862}
{"content":"和","finish_reason":null,"input_tokens":null,"kind":"chat_delta","output_tokens":null,"session_id":"chat-20260421T202059-5ac0785b","stream_id":"s-mo92jokz-il0r9xtb","ts":1776802862}
{"content":"算法","finish_reason":null,"input_tokens":null,"kind":"chat_delta","output_tokens":null,"session_id":"chat-20260421T202059-5ac0785b","stream_id":"s-mo92jokz-il0r9xtb","ts":1776802862}
{"content":"来","finish_reason":null,"input_tokens":null,"kind":"chat_delta","output_tokens":null,"session_id":"chat-20260421T202059-5ac0785b","stream_id":"s-mo92jokz-il0r9xtb","ts":1776802862}
{"content":"制定","finish_reason":null,"input_tokens":null,"kind":"chat_delta","output_tokens":null,"session_id":"chat-20260421T202059-5ac0785b","stream_id":"s-mo92jokz-il0r9xtb","ts":1776802862}
{"content":"投资","finish_reason":null,"input_tokens":null,"kind":"chat_delta","output_tokens":null,"session_id":"chat-20260421T202059-5ac0785b","stream_id":"s-mo92jokz-il0r9xtb","ts":1776802862}
{"content":"策略","finish_reason":null,"input_tokens":null,"kind":"chat_delta","output_tokens":null,"session_id":"chat-20260421T202059-5ac0785b","stream_id":"s-mo92jokz-il0r9xtb","ts":1776802862}
{"content":"，以","finish_reason":null,"input_tokens":null,"kind":"chat_delta","output_tokens":null,"session_id":"chat-20260421T202059-5ac0785b","stream_id":"s-mo92jokz-il0r9xtb","ts":1776802862}
{"content":"实现","finish_reason":null,"input_tokens":null,"kind":"chat_delta","output_tokens":null,"session_id":"chat-20260421T202059-5ac0785b","stream_id":"s-mo92jokz-il0r9xtb","ts":1776802862}
{"content":"资产","finish_reason":null,"input_tokens":null,"kind":"chat_delta","output_tokens":null,"session_id":"chat-20260421T202059-5ac0785b","stream_id":"s-mo92jokz-il0r9xtb","ts":1776802862}
{"content":"的","finish_reason":null,"input_tokens":null,"kind":"chat_delta","output_tokens":null,"session_id":"chat-20260421T202059-5ac0785b","stream_id":"s-mo92jokz-il0r9xtb","ts":1776802862}
{"content":"优化","finish_reason":null,"input_tokens":null,"kind":"chat_delta","output_tokens":null,"session_id":"chat-20260421T202059-5ac0785b","stream_id":"s-mo92jokz-il0r9xtb","ts":1776802862}
{"content":"配置","finish_reason":null,"input_tokens":null,"kind":"chat_delta","output_tokens":null,"session_id":"chat-20260421T202059-5ac0785b","stream_id":"s-mo92jokz-il0r9xtb","ts":1776802862}
{"content":"与","finish_reason":null,"input_tokens":null,"kind":"chat_delta","output_tokens":null,"session_id":"chat-20260421T202059-5ac0785b","stream_id":"s-mo92jokz-il0r9xtb","ts":1776802862}
{"content":"风险","finish_reason":null,"input_tokens":null,"kind":"chat_delta","output_tokens":null,"session_id":"chat-20260421T202059-5ac0785b","stream_id":"s-mo92jokz-il0r9xtb","ts":1776802862}
{"content":"控制","finish_reason":null,"input_tokens":null,"kind":"chat_delta","output_tokens":null,"session_id":"chat-20260421T202059-5ac0785b","stream_id":"s-mo92jokz-il0r9xtb","ts":1776802862}
{"content":"。","finish_reason":null,"input_tokens":null,"kind":"chat_delta","output_tokens":null,"session_id":"chat-20260421T202059-5ac0785b","stream_id":"s-mo92jokz-il0r9xtb","ts":1776802862}
{"content":"量","finish_reason":null,"input_tokens":null,"kind":"chat_delta","output_tokens":null,"session_id":"chat-20260421T202059-5ac0785b","stream_id":"s-mo92jokz-il0r9xtb","ts":1776802862}
{"content":"化","finish_reason":null,"input_tokens":null,"kind":"chat_delta","output_tokens":null,"session_id":"chat-20260421T202059-5ac0785b","stream_id":"s-mo92jokz-il0r9xtb","ts":1776802862}
{"content":"研究","finish_reason":null,"input_tokens":null,"kind":"chat_delta","output_tokens":null,"session_id":"chat-20260421T202059-5ac0785b","stream_id":"s-mo92jokz-il0r9xtb","ts":1776802862}
{"content":"通常","finish_reason":null,"input_tokens":null,"kind":"chat_delta","output_tokens":null,"session_id":"chat-20260421T202059-5ac0785b","stream_id":"s-mo92jokz-il0r9xtb","ts":1776802862}
{"content":"涉及","finish_reason":null,"input_tokens":null,"kind":"chat_delta","output_tokens":null,"session_id":"chat-20260421T202059-5ac0785b","stream_id":"s-mo92jokz-il0r9xtb","ts":1776802862}
{"content":"数据","finish_reason":null,"input_tokens":null,"kind":"chat_delta","output_tokens":null,"session_id":"chat-20260421T202059-5ac0785b","stream_id":"s-mo92jokz-il0r9xtb","ts":1776802862}
{"content":"分析","finish_reason":null,"input_tokens":null,"kind":"chat_delta","output_tokens":null,"session_id":"chat-20260421T202059-5ac0785b","stream_id":"s-mo92jokz-il0r9xtb","ts":1776802862}
{"content":"、","finish_reason":null,"input_tokens":null,"kind":"chat_delta","output_tokens":null,"session_id":"chat-20260421T202059-5ac0785b","stream_id":"s-mo92jokz-il0r9xtb","ts":1776802862}
{"content":"模型","finish_reason":null,"input_tokens":null,"kind":"chat_delta","output_tokens":null,"session_id":"chat-20260421T202059-5ac0785b","stream_id":"s-mo92jokz-il0r9xtb","ts":1776802862}
{"content":"构","finish_reason":null,"input_tokens":null,"kind":"chat_delta","output_tokens":null,"session_id":"chat-20260421T202059-5ac0785b","stream_id":"s-mo92jokz-il0r9xtb","ts":1776802862}
{"content":"建","finish_reason":null,"input_tokens":null,"kind":"chat_delta","output_tokens":null,"session_id":"chat-20260421T202059-5ac0785b","stream_id":"s-mo92jokz-il0r9xtb","ts":1776802862}
{"content":"、","finish_reason":null,"input_tokens":null,"kind":"chat_delta","output_tokens":null,"session_id":"chat-20260421T202059-5ac0785b","stream_id":"s-mo92jokz-il0r9xtb","ts":1776802862}
{"content":"程序","finish_reason":null,"input_tokens":null,"kind":"chat_delta","output_tokens":null,"session_id":"chat-20260421T202059-5ac0785b","stream_id":"s-mo92jokz-il0r9xtb","ts":1776802862}
{"content":"实现","finish_reason":null,"input_tokens":null,"kind":"chat_delta","output_tokens":null,"session_id":"chat-20260421T202059-5ac0785b","stream_id":"s-mo92jokz-il0r9xtb","ts":1776802862}
{"content":"等","finish_reason":null,"input_tokens":null,"kind":"chat_delta","output_tokens":null,"session_id":"chat-20260421T202059-5ac0785b","stream_id":"s-mo92jokz-il0r9xtb","ts":1776802862}
{"content":"步骤","finish_reason":null,"input_tokens":null,"kind":"chat_delta","output_tokens":null,"session_id":"chat-20260421T202059-5ac0785b","stream_id":"s-mo92jokz-il0r9xtb","ts":1776802862}
{"content":"。","finish_reason":null,"input_tokens":null,"kind":"chat_delta","output_tokens":null,"session_id":"chat-20260421T202059-5ac0785b","stream_id":"s-mo92jokz-il0r9xtb","ts":1776802862}
{"content":"量","finish_reason":null,"input_tokens":null,"kind":"chat_delta","output_tokens":null,"session_id":"chat-20260421T202059-5ac0785b","stream_id":"s-mo92jokz-il0r9xtb","ts":1776802862}
{"content":"化","finish_reason":null,"input_tokens":null,"kind":"chat_delta","output_tokens":null,"session_id":"chat-20260421T202059-5ac0785b","stream_id":"s-mo92jokz-il0r9xtb","ts":1776802862}
{"content":"可以","finish_reason":null,"input_tokens":null,"kind":"chat_delta","output_tokens":null,"session_id":"chat-20260421T202059-5ac0785b","stream_id":"s-mo92jokz-il0r9xtb","ts":1776802862}
{"content":"应用","finish_reason":null,"input_tokens":null,"kind":"chat_delta","output_tokens":null,"session_id":"chat-20260421T202059-5ac0785b","stream_id":"s-mo92jokz-il0r9xtb","ts":1776802862}
{"content":"于","finish_reason":null,"input_tokens":null,"kind":"chat_delta","output_tokens":null,"session_id":"chat-20260421T202059-5ac0785b","stream_id":"s-mo92jokz-il0r9xtb","ts":1776802862}
{"content":"多个","finish_reason":null,"input_tokens":null,"kind":"chat_delta","output_tokens":null,"session_id":"chat-20260421T202059-5ac0785b","stream_id":"s-mo92jokz-il0r9xtb","ts":1776802862}
{"content":"领域","finish_reason":null,"input_tokens":null,"kind":"chat_delta","output_tokens":null,"session_id":"chat-20260421T202059-5ac0785b","stream_id":"s-mo92jokz-il0r9xtb","ts":1776802862}
{"content":"，包括","finish_reason":null,"input_tokens":null,"kind":"chat_delta","output_tokens":null,"session_id":"chat-20260421T202059-5ac0785b","stream_id":"s-mo92jokz-il0r9xtb","ts":1776802862}
{"content":"经济","finish_reason":null,"input_tokens":null,"kind":"chat_delta","output_tokens":null,"session_id":"chat-20260421T202059-5ac0785b","stream_id":"s-mo92jokz-il0r9xtb","ts":1776802862}
{"content":"学","finish_reason":null,"input_tokens":null,"kind":"chat_delta","output_tokens":null,"session_id":"chat-20260421T202059-5ac0785b","stream_id":"s-mo92jokz-il0r9xtb","ts":1776802862}
{"content":"、","finish_reason":null,"input_tokens":null,"kind":"chat_delta","output_tokens":null,"session_id":"chat-20260421T202059-5ac0785b","stream_id":"s-mo92jokz-il0r9xtb","ts":1776802862}
{"content":"自然","finish_reason":null,"input_tokens":null,"kind":"chat_delta","output_tokens":null,"session_id":"chat-20260421T202059-5ac0785b","stream_id":"s-mo92jokz-il0r9xtb","ts":1776802862}
{"content":"科学","finish_reason":null,"input_tokens":null,"kind":"chat_delta","output_tokens":null,"session_id":"chat-20260421T202059-5ac0785b","stream_id":"s-mo92jokz-il0r9xtb","ts":1776802862}
{"content":"、","finish_reason":null,"input_tokens":null,"kind":"chat_delta","output_tokens":null,"session_id":"chat-20260421T202059-5ac0785b","stream_id":"s-mo92jokz-il0r9xtb","ts":1776802862}
{"content":"工程","finish_reason":null,"input_tokens":null,"kind":"chat_delta","output_tokens":null,"session_id":"chat-20260421T202059-5ac0785b","stream_id":"s-mo92jokz-il0r9xtb","ts":1776802862}
{"content":"学","finish_reason":null,"input_tokens":null,"kind":"chat_delta","output_tokens":null,"session_id":"chat-20260421T202059-5ac0785b","stream_id":"s-mo92jokz-il0r9xtb","ts":1776802862}
{"content":"等","finish_reason":null,"input_tokens":null,"kind":"chat_delta","output_tokens":null,"session_id":"chat-20260421T202059-5ac0785b","stream_id":"s-mo92jokz-il0r9xtb","ts":1776802862}
{"content":"。","finish_reason":null,"input_tokens":null,"kind":"chat_delta","output_tokens":null,"session_id":"chat-20260421T202059-5ac0785b","stream_id":"s-mo92jokz-il0r9xtb","ts":1776802862}
{"content":"","finish_reason":"stop","input_tokens":null,"kind":"chat_delta","output_tokens":null,"session_id":"chat-20260421T202059-5ac0785b","stream_id":"s-mo92jokz-il0r9xtb","ts":1776802862}
{"assistant_message_id":"msg-fbbc4c6d","cancelled":false,"content":"量化通常指的是通过数学和统计方法来分析和解决实际问题。在金融领域，量化投资是利用复杂的数学模型和算法来制定投资策略，以实现资产的优化配置与风险控制。量化研究通常涉及数据分析、模型构建、程序实现等步骤。量化可以应用于多个领域，包括经济学、自然科学、工程学等。","kind":"assistant_done","session_id":"chat-20260421T202059-5ac0785b","stream_id":"s-mo92jokz-il0r9xtb","ts":1776802862}
